<?xml version="1.0" encoding="UTF-8"?>
<!-- Generated by org.testng.reporters.JUnitReportReporter -->
<testsuite skipped="0" hostname="Abhisheks-MBP.fritz.box" name="com.inetbanking.testCases.TC_LoginTest_001" tests="1" failures="0" timestamp="17 Mar 2020 07:27:33 GMT" time="1.574" errors="0">
  <testcase name="loginTest" time="1.574" classname="com.inetbanking.testCases.TC_LoginTest_001"/>
</testsuite> <!-- com.inetbanking.testCases.TC_LoginTest_001 -->
