<?xml version="1.0" encoding="UTF-8"?>
<!-- Generated by org.testng.reporters.JUnitReportReporter -->
<testsuite hostname="Abhisheks-MBP.fritz.box" failures="0" tests="1" name="com.inetbanking.testCases.TC_AddCustomerTest_003" time="14.316" errors="0" timestamp="18 Mar 2020 09:15:10 GMT" skipped="0">
  <testcase classname="com.inetbanking.testCases.TC_AddCustomerTest_003" name="addNewCustomer" time="14.316"/>
</testsuite> <!-- com.inetbanking.testCases.TC_AddCustomerTest_003 -->
