<?xml version="1.0" encoding="UTF-8"?>
<!-- Generated by org.testng.reporters.JUnitReportReporter -->
<testsuite hostname="Abhisheks-MBP.fritz.box" failures="0" tests="1" name="com.inetbanking.testCases.TC_LoginTest_001" time="1.203" errors="0" timestamp="18 Mar 2020 09:15:10 GMT" skipped="0">
  <testcase classname="com.inetbanking.testCases.TC_LoginTest_001" name="loginTest" time="1.203"/>
</testsuite> <!-- com.inetbanking.testCases.TC_LoginTest_001 -->
